2018-07-11 06:15:35,196 3312 INFO: main.work: Working ./
2018-07-11 06:15:54,571 3460 INFO: main.work: Working ./
2018-07-11 06:19:26,922 3745 INFO: main.work: Working ./
2018-07-11 06:19:54,530 3841 INFO: main.work: Working ./
2018-07-11 06:28:25,411 4889 ERROR: main.<module>: 'NonDaemonsPool' object has no attribute '_state'
Traceback (most recent call last):
  File "/home/xshell/Seafile/SWP/OrderFiles/main.py", line 56, in <module>
    result_list.append(ppool.apply_async(work, args=(param,)))
  File "/usr/lib/python3.5/multiprocessing/pool.py", line 321, in apply_async
    if self._state != RUN:
AttributeError: 'NonDaemonsPool' object has no attribute '_state'
2018-07-11 06:28:45,743 4927 ERROR: main.<module>: 'NonDaemonsPool' object has no attribute '_state'
Traceback (most recent call last):
  File "/home/xshell/Seafile/SWP/OrderFiles/main.py", line 56, in <module>
    result_list.append(ppool.apply_async(work, args=(param,)))
  File "/usr/lib/python3.5/multiprocessing/pool.py", line 321, in apply_async
    if self._state != RUN:
AttributeError: 'NonDaemonsPool' object has no attribute '_state'
2018-07-11 06:29:45,023 5072 INFO: main.work: Working ./
2018-07-11 06:40:01,486 5990 INFO: main.worker_loop: Ordering ./
2018-07-11 06:40:01,487 5991 INFO: main.worker_loop: Ordering ./
2018-07-11 06:40:01,489 5992 INFO: main.worker_loop: Ordering ./
2018-07-11 06:40:01,493 5993 INFO: main.worker_loop: Ordering ./
